#The number of homolog chains in the last round with >= Positive(similiarity) 0 and Identity range (0) is 233
#Generated by parse_psiblast_userDB.pl
1yndA
2xgyB
1awqA
1v9tB
1cwfA
2rmaK
1cwhA
3odiK
1rmhB
1awrD
3k2cD
1cynA
2poyC
1awtD
2ojuA
1xq7A
4dgcB
1m9xF
2poyA
1m9xA
2eslC
3odlC
1istB
1cwoA
1ak4A
3odlS
3odlM
2x2dB
2x2cS
1awtF
2x83D
3odiI
1bckA
1m9fB
3o6fD
1m9eA
3t0eD
1cwjA
1x9uB
4i9yD
1vdnA
1m9cA
2eslF
2c3bB
2x2aB
1c5fI
3bo7D
1m9dA
1xo7C
2rmbK
1ak4B
2a2nB
3pmpB
1ktkF
4i9yA
2x2cQ
3bo7C
2rmaA
4dgcD
4dgeA
3odiA
1awvD
2x2dC
1x9uA
1vaiA
3odiE
3odlK
2z6wA
1nmkB
1m9dB
1zkfB
1fglA
2eslE
1c5fO
4i9yF
2rmaG
3k2cB
2x7kA
3odlO
1qnhB
1awrB
3odiO
2he9B
1awvA
1qnhA
1xo7B
1x9rA
1cwmA
2rmaI
1xo7A
2x2cK
1c5fE
3odlI
2rmcA
2rmbE
1awrF
2rmcC
1xq7C
2a2nA
4dgbA
4jjmB
2wbjH
1istA
1m9yF
2c3bA
1xo7D
1lopA
1c5fG
1mf8C
3iciB
1m9yA
3o4lE
3odlG
1m63C
1mzwA
1awtA
4lqwB
1ktkE
1cwkA
2a2nC
2x2aA
1c5fC
1qngA
4dgcA
1awtC
3odiQ
3odlQ
1awrC
1w74B
1rmhA
3bo7A
2rmbC
2rmcG
1awtE
2rmaM
1ymmE
2rmbI
1vaiB
1awvF
2ojuB
4jjmA
3odiM
2x2cM
2wbjD
1m9yB
1v9tA
3pmpA
3eovA
1xq7B
3iciA
2eslB
1awuA
4eyvC
1awrA
1cwcA
2rmbA
3cysA
2rmaE
4i9yC
2rmbQ
3odiS
2rmbO
3odlE
2rmbM
2rmbG
1c5fK
1vbtB
2x2cO
1cwiA
1awvC
1yndB
4i9yB
2eslA
4dgaB
1m9eB
1zkcB
2rmbS
3odiC
1m9xB
4dgeB
2eslD
3eovB
1nmkA
1awvB
1x9rB
4i9yE
1vbtA
4dgaA
1zkcA
3k2cA
1zkfA
1m9yE
2he9A
3bo7B
4dgcE
3k2cC
1cwaA
4lqwA
1m9fA
1m9cB
4eyvA
1awsA
2rmaS
1m9xE
2ij0C
1mikA
1awvE
4dzbB
4eyvB
2rmaQ
2x83B
2wfjA
2rmaO
1c5fA
2z6wB
1c5fM
3odlA
3o6fH
4hy7A
1awrE
2rmaC
2poyB
1m63G
2ij0E
1w74A
1cwlA
1awtB
2rmcE
1vbsA
3t1uA
1cwbA
3odiG
4dgcC
