1m9fA|A:D
2x83B|B:C
1m9yF|F:G
1m9xB|B:H
4dgaA|A:D
1m9xE|E:G
1m9yA|A:H
1m9eA|A:C
1m9fB|B:D
1m9xF|F:D
1m9cA|A:C
1m9dA|A:C
2x83D|D:A
1m9cB|B:C
1m9yE|E:G
1m9eA|A:D
1m9yA|A:C
1m9cB|B:D
1m9xA|A:G
1m9yA|A:D
1m9yE|E:C
2x2dC|C:D
2x2dB|B:D
1m9dB|B:C
1m9yB|B:G
2xgyB|B:A
1m9yF|F:C
4dgaB|B:D
4dgaB|B:C
2x83D|D:C
1m9xF|F:C
4dgeB|B:C
1m9cA|A:D
1m9yE|E:D
1m9xE|E:C
1m9xE|E:D
1m9xB|B:D
1m9dA|A:D
1m9eB|B:D
1ak4A|A:C
1m9eB|B:C
1m9xA|A:C
1m9yF|F:H
1m9yA|A:G
1m9xA|A:H
1fglA|A:B
1m9yE|E:H
4dgeB|B:D
1ak4A|A:D
1m9dB|B:D
2x2dC|C:E
1m9yB|B:H
4dgaA|A:C
1m9yB|B:C
4dgeA|A:C
1m9yF|F:D
2x83B|B:A
1m9xF|F:H
1m9fA|A:C
1m9xA|A:D
1m9fB|B:C
1m9yB|B:D
1m9xB|B:G
4dgeA|A:D
1m9xB|B:C
2x2dB|B:E
1m9xE|E:H
1m9xF|F:G
1ak4B|B:C
1ak4B|B:D
