1m9xC|C:B
1m9yD|D:B
1m9yG|G:E
2xgyA|A:B
1m9fD|D:B
1m9cC|C:B
1m9yC|C:F
1m9yH|H:E
4dgeC|C:A
1m9xH|H:E
1m9yH|H:A
2x83A|A:B
4dgaC|C:A
1m9xH|H:B
1m9xD|D:E
1m9yC|C:B
1m9yH|H:F
1m9dD|D:A
1m9xG|G:B
1m9eD|D:B
2x83C|C:B
1m9xD|D:B
1m9xG|G:A
1ak4D|D:B
1m9xC|C:E
1m9cD|D:B
1m9yC|C:A
2x2dE|E:B
1m9yG|G:A
1m9fD|D:A
1m9xC|C:A
4dgaD|D:B
1m9xD|D:A
1m9xG|G:F
2x2dD|D:C
1m9eC|C:A
1m9dC|C:A
1m9xD|D:F
1m9xH|H:A
1m9cD|D:A
1m9fC|C:A
1m9xH|H:F
1fglB|B:A
1ak4C|C:A
2x2dE|E:C
1m9fC|C:B
1m9xC|C:F
1m9yC|C:E
4dgaD|D:A
4dgeC|C:B
1m9xG|G:E
2x2dD|D:B
1m9yD|D:A
4dgaC|C:B
1m9dD|D:B
1m9cC|C:A
1m9eD|D:A
4dgeD|D:B
2x83C|C:D
1m9yD|D:E
1ak4C|C:B
1m9dC|C:B
1m9yG|G:F
2x83A|A:D
1m9yD|D:F
1m9yH|H:B
4dgeD|D:A
1m9yG|G:B
1ak4D|D:A
1m9eC|C:B
