#The number of homolog chains in the last round with >= Positive(similiarity) 0 and Identity range (0) is 125
#Generated by parse_psiblast_userDB.pl
4dgaC
4fajA
1m9dC
3h4eK
3h4eD
2xguA
3gv2A
4dgeD
1m9yH
3p0aH
2wlvA
2golD
3p0aS
1qhmB
4dgeC
1sjeC
1m9yG
3p0aI
3p05C
2wlvB
3vrlC
3p0aQ
4lqwC
3p0aD
2xgyA
3p0aN
3h4eJ
2pwmF
1m9xD
3p0aE
1m9xG
4dgaD
3p05B
2xguB
4argC
2pwoD
3nteA
1m9cC
3h4eB
4lqwD
1m9dD
3h4eG
4e91A
1m9yC
3p0aO
1m9fC
2pwoB
2pwmH
4e92B
3dahA
1ak4C
3p05D
2pwoA
3p05E
3dahB
3p05A
1e6jP
4e91B
1m9cD
3p0aT
3p0aF
2pwmD
2gonC
1m9fD
2x82A
2x2dE
2x2dD
2xdeA
2x83C
4e92A
1ak4D
2gonD
1afvA
2x82B
1m9xH
3gv2D
3h4eF
3gv2C
2golB
3h4eH
3p0aG
1afvB
2x82C
3dahC
1m9yD
2eiaA
2x82D
3h4eC
1sjhC
4argA
3gv2E
2xdeB
1m9eD
3h4eL
1m9xC
2x83A
2pwmB
3p0aC
4b4nA
3vrlD
2pwmC
2pwmG
3p0aM
3nteB
3p0aP
3gv2F
1fglB
3h4eI
3p0aR
3h4eE
2pwmA
1m9eC
2gonA
3p0aB
2pwmE
2gonB
3p0aA
3gv2B
2pwoC
2eiaB
3p0aL
3p0aJ
3h4eA
1qhmA
3p0aK
