1m9y	E:D
1m9e	B:D
1m9y	B:H
1m9x	B:H
1m9y	E:C
1m9x	B:C
2xgy	B:A
4dga	A:C
4dge	A:D
1m9e	B:C
1m9x	E:G
2x2d	B:E
2x83	D:C
1m9f	B:D
4dga	A:D
4dge	B:C
1m9c	A:D
1m9c	B:D
1m9y	A:H
1m9d	B:D
1m9x	F:D
4dge	A:C
1m9x	F:G
2x2d	B:D
1m9x	F:H
1m9y	F:C
1m9y	A:C
1m9x	A:C
1m9x	A:H
2x2d	C:E
1m9y	F:G
1m9x	A:D
2x83	B:C
2x2d	C:D
1m9x	F:C
2x83	D:A
1m9f	B:C
1m9d	B:C
1m9x	E:C
1m9c	B:C
1m9f	A:C
1m9y	B:G
1m9y	B:D
1m9x	E:D
1m9y	E:H
1m9x	B:G
1m9y	E:G
1m9x	A:G
1fgl	A:B
1ak4	B:D
1m9c	A:C
4dge	B:D
1m9y	B:C
1m9e	A:C
1m9d	A:D
1m9x	B:D
1m9y	A:D
1m9y	F:H
1m9d	A:C
4dga	B:D
1ak4	A:D
1m9x	E:H
1m9y	F:D
1ak4	A:C
2x83	B:A
1m9y	A:G
1ak4	B:C
4dga	B:C
1m9f	A:D
1m9e	A:D
